CRITICAL - 2023-07-05 22:01:38 --> Trying to access array offset on value of type null
#0 C:\xampp\htdocs\projectUAS\app\Views\dashboard\dashboard.php(37): CodeIgniter\Debug\Exceptions->errorHandler(2, 'Trying to acces...', 'C:\\xampp\\htdocs...', 37)
#1 C:\xampp\htdocs\projectUAS\system\View\View.php(210): include('C:\\xampp\\htdocs...')
#2 C:\xampp\htdocs\projectUAS\system\View\View.php(213): CodeIgniter\View\View->CodeIgniter\View\{closure}()
#3 C:\xampp\htdocs\projectUAS\system\Common.php(1089): CodeIgniter\View\View->render('dashboard/dashb...', Array, true)
#4 C:\xampp\htdocs\projectUAS\app\Controllers\Home.php(32): view('dashboard/dashb...', Array)
#5 C:\xampp\htdocs\projectUAS\system\CodeIgniter.php(832): App\Controllers\Home->index()
#6 C:\xampp\htdocs\projectUAS\system\CodeIgniter.php(419): CodeIgniter\CodeIgniter->runController(Object(App\Controllers\Home))
#7 C:\xampp\htdocs\projectUAS\system\CodeIgniter.php(326): CodeIgniter\CodeIgniter->handleRequest(NULL, Object(Config\Cache), false)
#8 C:\xampp\htdocs\projectUAS\public\index.php(37): CodeIgniter\CodeIgniter->run()
#9 C:\xampp\htdocs\projectUAS\system\Commands\Server\rewrite.php(43): require_once('C:\\xampp\\htdocs...')
#10 {main}
CRITICAL - 2023-07-05 22:01:42 --> Trying to access array offset on value of type null
#0 C:\xampp\htdocs\projectUAS\app\Views\dashboard\dashboard.php(37): CodeIgniter\Debug\Exceptions->errorHandler(2, 'Trying to acces...', 'C:\\xampp\\htdocs...', 37)
#1 C:\xampp\htdocs\projectUAS\system\View\View.php(210): include('C:\\xampp\\htdocs...')
#2 C:\xampp\htdocs\projectUAS\system\View\View.php(213): CodeIgniter\View\View->CodeIgniter\View\{closure}()
#3 C:\xampp\htdocs\projectUAS\system\Common.php(1089): CodeIgniter\View\View->render('dashboard/dashb...', Array, true)
#4 C:\xampp\htdocs\projectUAS\app\Controllers\Home.php(32): view('dashboard/dashb...', Array)
#5 C:\xampp\htdocs\projectUAS\system\CodeIgniter.php(832): App\Controllers\Home->index()
#6 C:\xampp\htdocs\projectUAS\system\CodeIgniter.php(419): CodeIgniter\CodeIgniter->runController(Object(App\Controllers\Home))
#7 C:\xampp\htdocs\projectUAS\system\CodeIgniter.php(326): CodeIgniter\CodeIgniter->handleRequest(NULL, Object(Config\Cache), false)
#8 C:\xampp\htdocs\projectUAS\public\index.php(37): CodeIgniter\CodeIgniter->run()
#9 C:\xampp\htdocs\projectUAS\system\Commands\Server\rewrite.php(43): require_once('C:\\xampp\\htdocs...')
#10 {main}
CRITICAL - 2023-07-05 22:01:43 --> Trying to access array offset on value of type null
#0 C:\xampp\htdocs\projectUAS\app\Views\dashboard\dashboard.php(37): CodeIgniter\Debug\Exceptions->errorHandler(2, 'Trying to acces...', 'C:\\xampp\\htdocs...', 37)
#1 C:\xampp\htdocs\projectUAS\system\View\View.php(210): include('C:\\xampp\\htdocs...')
#2 C:\xampp\htdocs\projectUAS\system\View\View.php(213): CodeIgniter\View\View->CodeIgniter\View\{closure}()
#3 C:\xampp\htdocs\projectUAS\system\Common.php(1089): CodeIgniter\View\View->render('dashboard/dashb...', Array, true)
#4 C:\xampp\htdocs\projectUAS\app\Controllers\Home.php(32): view('dashboard/dashb...', Array)
#5 C:\xampp\htdocs\projectUAS\system\CodeIgniter.php(832): App\Controllers\Home->index()
#6 C:\xampp\htdocs\projectUAS\system\CodeIgniter.php(419): CodeIgniter\CodeIgniter->runController(Object(App\Controllers\Home))
#7 C:\xampp\htdocs\projectUAS\system\CodeIgniter.php(326): CodeIgniter\CodeIgniter->handleRequest(NULL, Object(Config\Cache), false)
#8 C:\xampp\htdocs\projectUAS\public\index.php(37): CodeIgniter\CodeIgniter->run()
#9 C:\xampp\htdocs\projectUAS\system\Commands\Server\rewrite.php(43): require_once('C:\\xampp\\htdocs...')
#10 {main}
CRITICAL - 2023-07-05 22:01:49 --> Trying to access array offset on value of type null
#0 C:\xampp\htdocs\projectUAS\app\Views\dashboard\dashboard.php(37): CodeIgniter\Debug\Exceptions->errorHandler(2, 'Trying to acces...', 'C:\\xampp\\htdocs...', 37)
#1 C:\xampp\htdocs\projectUAS\system\View\View.php(210): include('C:\\xampp\\htdocs...')
#2 C:\xampp\htdocs\projectUAS\system\View\View.php(213): CodeIgniter\View\View->CodeIgniter\View\{closure}()
#3 C:\xampp\htdocs\projectUAS\system\Common.php(1089): CodeIgniter\View\View->render('dashboard/dashb...', Array, true)
#4 C:\xampp\htdocs\projectUAS\app\Controllers\Home.php(32): view('dashboard/dashb...', Array)
#5 C:\xampp\htdocs\projectUAS\system\CodeIgniter.php(832): App\Controllers\Home->index()
#6 C:\xampp\htdocs\projectUAS\system\CodeIgniter.php(419): CodeIgniter\CodeIgniter->runController(Object(App\Controllers\Home))
#7 C:\xampp\htdocs\projectUAS\system\CodeIgniter.php(326): CodeIgniter\CodeIgniter->handleRequest(NULL, Object(Config\Cache), false)
#8 C:\xampp\htdocs\projectUAS\public\index.php(37): CodeIgniter\CodeIgniter->run()
#9 {main}
CRITICAL - 2023-07-05 22:01:56 --> Trying to access array offset on value of type null
#0 C:\xampp\htdocs\projectUAS\app\Views\dashboard\dashboard.php(37): CodeIgniter\Debug\Exceptions->errorHandler(2, 'Trying to acces...', 'C:\\xampp\\htdocs...', 37)
#1 C:\xampp\htdocs\projectUAS\system\View\View.php(210): include('C:\\xampp\\htdocs...')
#2 C:\xampp\htdocs\projectUAS\system\View\View.php(213): CodeIgniter\View\View->CodeIgniter\View\{closure}()
#3 C:\xampp\htdocs\projectUAS\system\Common.php(1089): CodeIgniter\View\View->render('dashboard/dashb...', Array, true)
#4 C:\xampp\htdocs\projectUAS\app\Controllers\Home.php(32): view('dashboard/dashb...', Array)
#5 C:\xampp\htdocs\projectUAS\system\CodeIgniter.php(832): App\Controllers\Home->index()
#6 C:\xampp\htdocs\projectUAS\system\CodeIgniter.php(419): CodeIgniter\CodeIgniter->runController(Object(App\Controllers\Home))
#7 C:\xampp\htdocs\projectUAS\system\CodeIgniter.php(326): CodeIgniter\CodeIgniter->handleRequest(NULL, Object(Config\Cache), false)
#8 C:\xampp\htdocs\projectUAS\public\index.php(37): CodeIgniter\CodeIgniter->run()
#9 C:\xampp\htdocs\projectUAS\system\Commands\Server\rewrite.php(43): require_once('C:\\xampp\\htdocs...')
#10 {main}
CRITICAL - 2023-07-05 22:02:23 --> Trying to access array offset on value of type null
#0 C:\xampp\htdocs\projectUAS\app\Views\dashboard\dashboard.php(37): CodeIgniter\Debug\Exceptions->errorHandler(2, 'Trying to acces...', 'C:\\xampp\\htdocs...', 37)
#1 C:\xampp\htdocs\projectUAS\system\View\View.php(210): include('C:\\xampp\\htdocs...')
#2 C:\xampp\htdocs\projectUAS\system\View\View.php(213): CodeIgniter\View\View->CodeIgniter\View\{closure}()
#3 C:\xampp\htdocs\projectUAS\system\Common.php(1089): CodeIgniter\View\View->render('dashboard/dashb...', Array, true)
#4 C:\xampp\htdocs\projectUAS\app\Controllers\Home.php(32): view('dashboard/dashb...', Array)
#5 C:\xampp\htdocs\projectUAS\system\CodeIgniter.php(832): App\Controllers\Home->index()
#6 C:\xampp\htdocs\projectUAS\system\CodeIgniter.php(419): CodeIgniter\CodeIgniter->runController(Object(App\Controllers\Home))
#7 C:\xampp\htdocs\projectUAS\system\CodeIgniter.php(326): CodeIgniter\CodeIgniter->handleRequest(NULL, Object(Config\Cache), false)
#8 C:\xampp\htdocs\projectUAS\public\index.php(37): CodeIgniter\CodeIgniter->run()
#9 C:\xampp\htdocs\projectUAS\system\Commands\Server\rewrite.php(43): require_once('C:\\xampp\\htdocs...')
#10 {main}
CRITICAL - 2023-07-05 22:02:24 --> Trying to access array offset on value of type null
#0 C:\xampp\htdocs\projectUAS\app\Views\dashboard\dashboard.php(37): CodeIgniter\Debug\Exceptions->errorHandler(2, 'Trying to acces...', 'C:\\xampp\\htdocs...', 37)
#1 C:\xampp\htdocs\projectUAS\system\View\View.php(210): include('C:\\xampp\\htdocs...')
#2 C:\xampp\htdocs\projectUAS\system\View\View.php(213): CodeIgniter\View\View->CodeIgniter\View\{closure}()
#3 C:\xampp\htdocs\projectUAS\system\Common.php(1089): CodeIgniter\View\View->render('dashboard/dashb...', Array, true)
#4 C:\xampp\htdocs\projectUAS\app\Controllers\Home.php(32): view('dashboard/dashb...', Array)
#5 C:\xampp\htdocs\projectUAS\system\CodeIgniter.php(832): App\Controllers\Home->index()
#6 C:\xampp\htdocs\projectUAS\system\CodeIgniter.php(419): CodeIgniter\CodeIgniter->runController(Object(App\Controllers\Home))
#7 C:\xampp\htdocs\projectUAS\system\CodeIgniter.php(326): CodeIgniter\CodeIgniter->handleRequest(NULL, Object(Config\Cache), false)
#8 C:\xampp\htdocs\projectUAS\public\index.php(37): CodeIgniter\CodeIgniter->run()
#9 C:\xampp\htdocs\projectUAS\system\Commands\Server\rewrite.php(43): require_once('C:\\xampp\\htdocs...')
#10 {main}
CRITICAL - 2023-07-05 22:02:24 --> Trying to access array offset on value of type null
#0 C:\xampp\htdocs\projectUAS\app\Views\dashboard\dashboard.php(37): CodeIgniter\Debug\Exceptions->errorHandler(2, 'Trying to acces...', 'C:\\xampp\\htdocs...', 37)
#1 C:\xampp\htdocs\projectUAS\system\View\View.php(210): include('C:\\xampp\\htdocs...')
#2 C:\xampp\htdocs\projectUAS\system\View\View.php(213): CodeIgniter\View\View->CodeIgniter\View\{closure}()
#3 C:\xampp\htdocs\projectUAS\system\Common.php(1089): CodeIgniter\View\View->render('dashboard/dashb...', Array, true)
#4 C:\xampp\htdocs\projectUAS\app\Controllers\Home.php(32): view('dashboard/dashb...', Array)
#5 C:\xampp\htdocs\projectUAS\system\CodeIgniter.php(832): App\Controllers\Home->index()
#6 C:\xampp\htdocs\projectUAS\system\CodeIgniter.php(419): CodeIgniter\CodeIgniter->runController(Object(App\Controllers\Home))
#7 C:\xampp\htdocs\projectUAS\system\CodeIgniter.php(326): CodeIgniter\CodeIgniter->handleRequest(NULL, Object(Config\Cache), false)
#8 C:\xampp\htdocs\projectUAS\public\index.php(37): CodeIgniter\CodeIgniter->run()
#9 C:\xampp\htdocs\projectUAS\system\Commands\Server\rewrite.php(43): require_once('C:\\xampp\\htdocs...')
#10 {main}
CRITICAL - 2023-07-05 22:02:26 --> Trying to access array offset on value of type null
#0 C:\xampp\htdocs\projectUAS\app\Views\dashboard\dashboard.php(37): CodeIgniter\Debug\Exceptions->errorHandler(2, 'Trying to acces...', 'C:\\xampp\\htdocs...', 37)
#1 C:\xampp\htdocs\projectUAS\system\View\View.php(210): include('C:\\xampp\\htdocs...')
#2 C:\xampp\htdocs\projectUAS\system\View\View.php(213): CodeIgniter\View\View->CodeIgniter\View\{closure}()
#3 C:\xampp\htdocs\projectUAS\system\Common.php(1089): CodeIgniter\View\View->render('dashboard/dashb...', Array, true)
#4 C:\xampp\htdocs\projectUAS\app\Controllers\Home.php(32): view('dashboard/dashb...', Array)
#5 C:\xampp\htdocs\projectUAS\system\CodeIgniter.php(832): App\Controllers\Home->index()
#6 C:\xampp\htdocs\projectUAS\system\CodeIgniter.php(419): CodeIgniter\CodeIgniter->runController(Object(App\Controllers\Home))
#7 C:\xampp\htdocs\projectUAS\system\CodeIgniter.php(326): CodeIgniter\CodeIgniter->handleRequest(NULL, Object(Config\Cache), false)
#8 C:\xampp\htdocs\projectUAS\public\index.php(37): CodeIgniter\CodeIgniter->run()
#9 C:\xampp\htdocs\projectUAS\system\Commands\Server\rewrite.php(43): require_once('C:\\xampp\\htdocs...')
#10 {main}
CRITICAL - 2023-07-05 22:26:34 --> Trying to access array offset on value of type null
#0 C:\xampp\htdocs\projectUAS\app\Views\dashboard\dashboard.php(37): CodeIgniter\Debug\Exceptions->errorHandler(2, 'Trying to acces...', 'C:\\xampp\\htdocs...', 37)
#1 C:\xampp\htdocs\projectUAS\system\View\View.php(210): include('C:\\xampp\\htdocs...')
#2 C:\xampp\htdocs\projectUAS\system\View\View.php(213): CodeIgniter\View\View->CodeIgniter\View\{closure}()
#3 C:\xampp\htdocs\projectUAS\system\Common.php(1089): CodeIgniter\View\View->render('dashboard/dashb...', Array, true)
#4 C:\xampp\htdocs\projectUAS\app\Controllers\Home.php(32): view('dashboard/dashb...', Array)
#5 C:\xampp\htdocs\projectUAS\system\CodeIgniter.php(832): App\Controllers\Home->index()
#6 C:\xampp\htdocs\projectUAS\system\CodeIgniter.php(419): CodeIgniter\CodeIgniter->runController(Object(App\Controllers\Home))
#7 C:\xampp\htdocs\projectUAS\system\CodeIgniter.php(326): CodeIgniter\CodeIgniter->handleRequest(NULL, Object(Config\Cache), false)
#8 C:\xampp\htdocs\projectUAS\public\index.php(37): CodeIgniter\CodeIgniter->run()
#9 C:\xampp\htdocs\projectUAS\system\Commands\Server\rewrite.php(43): require_once('C:\\xampp\\htdocs...')
#10 {main}
