CRITICAL - 2023-07-04 10:54:37 --> Trying to access array offset on value of type null
#0 C:\laragon\www\projectUAS\app\Views\dashboard\dashboard.php(37): CodeIgniter\Debug\Exceptions->errorHandler(2, 'Trying to acces...', 'C:\\laragon\\www\\...', 37)
#1 C:\laragon\www\projectUAS\system\View\View.php(210): include('C:\\laragon\\www\\...')
#2 C:\laragon\www\projectUAS\system\View\View.php(213): CodeIgniter\View\View->CodeIgniter\View\{closure}()
#3 C:\laragon\www\projectUAS\system\Common.php(1089): CodeIgniter\View\View->render('dashboard/dashb...', Array, true)
#4 C:\laragon\www\projectUAS\app\Controllers\Home.php(32): view('dashboard/dashb...', Array)
#5 C:\laragon\www\projectUAS\system\CodeIgniter.php(832): App\Controllers\Home->index()
#6 C:\laragon\www\projectUAS\system\CodeIgniter.php(419): CodeIgniter\CodeIgniter->runController(Object(App\Controllers\Home))
#7 C:\laragon\www\projectUAS\system\CodeIgniter.php(326): CodeIgniter\CodeIgniter->handleRequest(NULL, Object(Config\Cache), false)
#8 C:\laragon\www\projectUAS\public\index.php(37): CodeIgniter\CodeIgniter->run()
#9 {main}
CRITICAL - 2023-07-04 11:04:54 --> Trying to access array offset on value of type null
#0 C:\laragon\www\projectUAS\app\Views\dashboard\dashboard.php(37): CodeIgniter\Debug\Exceptions->errorHandler(2, 'Trying to acces...', 'C:\\laragon\\www\\...', 37)
#1 C:\laragon\www\projectUAS\system\View\View.php(210): include('C:\\laragon\\www\\...')
#2 C:\laragon\www\projectUAS\system\View\View.php(213): CodeIgniter\View\View->CodeIgniter\View\{closure}()
#3 C:\laragon\www\projectUAS\system\Common.php(1089): CodeIgniter\View\View->render('dashboard/dashb...', Array, true)
#4 C:\laragon\www\projectUAS\app\Controllers\Home.php(32): view('dashboard/dashb...', Array)
#5 C:\laragon\www\projectUAS\system\CodeIgniter.php(832): App\Controllers\Home->index()
#6 C:\laragon\www\projectUAS\system\CodeIgniter.php(419): CodeIgniter\CodeIgniter->runController(Object(App\Controllers\Home))
#7 C:\laragon\www\projectUAS\system\CodeIgniter.php(326): CodeIgniter\CodeIgniter->handleRequest(NULL, Object(Config\Cache), false)
#8 C:\laragon\www\projectUAS\public\index.php(37): CodeIgniter\CodeIgniter->run()
#9 {main}
CRITICAL - 2023-07-04 11:04:56 --> Trying to access array offset on value of type null
#0 C:\laragon\www\projectUAS\app\Views\dashboard\dashboard.php(37): CodeIgniter\Debug\Exceptions->errorHandler(2, 'Trying to acces...', 'C:\\laragon\\www\\...', 37)
#1 C:\laragon\www\projectUAS\system\View\View.php(210): include('C:\\laragon\\www\\...')
#2 C:\laragon\www\projectUAS\system\View\View.php(213): CodeIgniter\View\View->CodeIgniter\View\{closure}()
#3 C:\laragon\www\projectUAS\system\Common.php(1089): CodeIgniter\View\View->render('dashboard/dashb...', Array, true)
#4 C:\laragon\www\projectUAS\app\Controllers\Home.php(32): view('dashboard/dashb...', Array)
#5 C:\laragon\www\projectUAS\system\CodeIgniter.php(832): App\Controllers\Home->index()
#6 C:\laragon\www\projectUAS\system\CodeIgniter.php(419): CodeIgniter\CodeIgniter->runController(Object(App\Controllers\Home))
#7 C:\laragon\www\projectUAS\system\CodeIgniter.php(326): CodeIgniter\CodeIgniter->handleRequest(NULL, Object(Config\Cache), false)
#8 C:\laragon\www\projectUAS\public\index.php(37): CodeIgniter\CodeIgniter->run()
#9 {main}
